-------------------------------------------------------------------------------
Test set: com.blood.DemoApplicationTests
-------------------------------------------------------------------------------
Tests run: 1, Failures: 0, Errors: 1, Skipped: 0, Time elapsed: 15.809 s <<< FAILURE! - in com.blood.DemoApplicationTests
contextLoads(com.blood.DemoApplicationTests)  Time elapsed: 0.003 s  <<< ERROR!
java.lang.IllegalStateException: Failed to load ApplicationContext
Caused by: org.springframework.beans.factory.BeanCreationException: 
Error creating bean with name 'requestMappingHandlerMapping' defined in class path resource [org/springframework/boot/autoconfigure/web/servlet/WebMvcAutoConfiguration$EnableWebMvcConfiguration.class]: Invocation of init method failed; nested exception is java.lang.IllegalStateException: Ambiguous mapping. Cannot map 'staffController' method 
public java.lang.String com.blood.controller.StaffController.getLogin()
to {GET /login}: There is already 'accountController' bean method
public java.lang.String com.blood.controller.AccountController.getLogin() mapped.
Caused by: java.lang.IllegalStateException: 
Ambiguous mapping. Cannot map 'staffController' method 
public java.lang.String com.blood.controller.StaffController.getLogin()
to {GET /login}: There is already 'accountController' bean method
public java.lang.String com.blood.controller.AccountController.getLogin() mapped.

